ALLUSERSPROFILE=C:\ProgramData
ANT_HOME=c:\apache-ant-1.8.1
APPDATA=C:\Users\Jim\AppData\Roaming
CCP_HOME=C:\Program Files\Microsoft HPC Pack 2008 R2\
CCP_JOBTEMPLATE=Default
CommonProgramFiles=C:\Program Files\Common Files
CommonProgramFiles(x86)=C:\Program Files (x86)\Common Files
CommonProgramW6432=C:\Program Files\Common Files
COMPUTERNAME=JIM-DESKTOP
ComSpec=C:\Windows\system32\cmd.exe
FP_NO_HOST_CHECK=NO
HOMEDRIVE=C:
HOMEPATH=\Users\Jim
JAVA_HOME=c:\Program Files\Java\jdk1.7.0_04
LOCALAPPDATA=C:\Users\Jim\AppData\Local
LOGONSERVER=\\JIM-DESKTOP
MpConfig_ProductAppDataPath=C:\ProgramData\Microsoft\Windows Defender
MpConfig_ProductCodeName=AntiSpyware
MpConfig_ProductPath=C:\Program Files\Windows Defender
MpConfig_ProductUserAppDataPath=C:\Users\Jim\AppData\Local\Microsoft\Windows Defender
MpConfig_ReportingGUID=8B21952D-276B-4B9E-9C89-B7727312330D
MSMPI_INC=C:\Program Files\Microsoft HPC Pack 2008 R2\Inc\
MSMPI_LIB32=C:\Program Files\Microsoft HPC Pack 2008 R2\Lib\i386\
MSMPI_LIB64=C:\Program Files\Microsoft HPC Pack 2008 R2\Lib\amd64\
NUMBER_OF_PROCESSORS=8
OS=Windows_NT
Path=c:\Program Files\Java\jdk1.7.0_04\bin;c:\apache-ant-1.8.1\bin;C:\Program Files\Microsoft HPC Pack 2008 R2\Bin\;C:\Program Files (x86)\NVIDIA Corporation\PhysX\Common;C:\Program Files\Common Files\Microsoft Shared\Windows Live;C:\Windows\system32;C:\Windows;C:\Windows\System32\Wbem;C:\Windows\System32\WindowsPowerShell\v1.0\;C:\Program Files (x86)\ATI Technologies\ATI.ACE\Core-Static;c:\bin;C:\strawberry\c\bin;C:\strawberry\perl\site\bin;C:\strawberry\perl\bin;c:\android-sdk\tools;C:\android-sdk\platforms\android-4\tools;c:\java\jdk1.6.0_21\bin;c:\apache-ant-1.8.1\bin;c:\users\jim\bin;c:\python27;c:\TE.2.2.win\bin;c:\aspell\bin;c:\Program Files\Java\jdk1.7.0_04\bin
PATHEXT=.COM;.EXE;.BAT;.CMD;.VBS;.VBE;.JS;.JSE;.WSF;.WSH;.MSC
PERL_JSON_BACKEND=JSON::XS
PERL_YAML_BACKEND=YAML
PROCESSOR_ARCHITECTURE=AMD64
PROCESSOR_IDENTIFIER=Intel64 Family 6 Model 30 Stepping 5, GenuineIntel
PROCESSOR_LEVEL=6
PROCESSOR_REVISION=1e05
ProgramData=C:\ProgramData
ProgramFiles=C:\Program Files
ProgramFiles(x86)=C:\Program Files (x86)
ProgramW6432=C:\Program Files
PROMPT=$P$G
PSModulePath=C:\Windows\system32\WindowsPowerShell\v1.0\Modules\
PUBLIC=C:\Users\Public
SESSIONNAME=Console
SystemDrive=C:
SystemRoot=C:\Windows
TEMP=C:\Users\Jim\AppData\Local\Temp
TERM=dumb
TMP=C:\Users\Jim\AppData\Local\Temp
USERDOMAIN=JIM-DESKTOP
USERNAME=Jim
USERPROFILE=C:\Users\Jim
windir=C:\Windows
